<?xml version="1.0" encoding="UTF-8"?>
<!-- Generated by org.testng.reporters.JUnitReportReporter -->
<testsuite skipped="0" hostname="DESKTOP-B4CGF5L" name="com.komoot.scripts.VerifyHomePage" tests="1" failures="0" timestamp="07 Apr 2018 17:26:21 GMT" time="7.172" errors="0">
  <testcase name="homePage" time="7.172" classname="com.komoot.scripts.VerifyHomePage"/>
</testsuite> <!-- com.komoot.scripts.VerifyHomePage -->
