<?xml version="1.0" encoding="UTF-8"?>
<!-- Generated by org.testng.reporters.JUnitReportReporter -->
<testsuite skipped="0" hostname="DESKTOP-B4CGF5L" name="com.komoot.scripts.ChangeNotification" tests="1" failures="0" timestamp="08 Apr 2018 11:32:59 GMT" time="14.114" errors="0">
  <testcase name="changeNotification" time="14.114" classname="com.komoot.scripts.ChangeNotification"/>
</testsuite> <!-- com.komoot.scripts.ChangeNotification -->
