<?xml version="1.0" encoding="UTF-8"?>
<!-- Generated by org.testng.reporters.JUnitReportReporter -->
<testsuite skipped="0" hostname="DESKTOP-B4CGF5L" name="com.komoot.scripts.ChangeSportsTxpe" tests="1" failures="0" timestamp="07 Apr 2018 00:20:03 GMT" time="15.356" errors="0">
  <testcase name="hike" time="15.356" classname="com.komoot.scripts.ChangeSportsTxpe"/>
</testsuite> <!-- com.komoot.scripts.ChangeSportsTxpe -->
