<?xml version="1.0" encoding="UTF-8"?>
<!-- Generated by org.testng.reporters.JUnitReportReporter -->
<testsuite skipped="0" hostname="DESKTOP-B4CGF5L" name="com.komoot.scripts.VerifyPlan" tests="1" failures="0" timestamp="07 Apr 2018 17:26:21 GMT" time="42.620" errors="0">
  <testcase name="homePage" time="42.620" classname="com.komoot.scripts.VerifyPlan"/>
</testsuite> <!-- com.komoot.scripts.VerifyPlan -->
