<?xml version="1.0" encoding="UTF-8"?>
<!-- Generated by org.testng.reporters.JUnitReportReporter -->
<testsuite skipped="0" hostname="DESKTOP-B4CGF5L" name="com.komoot.scripts.VerifyTourPlan" tests="1" failures="0" timestamp="08 Apr 2018 09:05:50 GMT" time="48.615" errors="0">
  <testcase name="verifyTourPlan" time="48.615" classname="com.komoot.scripts.VerifyTourPlan"/>
</testsuite> <!-- com.komoot.scripts.VerifyTourPlan -->
