<?xml version="1.0" encoding="UTF-8"?>
<!-- Generated by org.testng.reporters.JUnitReportReporter -->
<testsuite skipped="0" hostname="DESKTOP-B4CGF5L" name="com.komoot.scripts.VerifyChangeSportsType" tests="1" failures="0" timestamp="08 Apr 2018 11:32:59 GMT" time="12.895" errors="0">
  <testcase name="verifyChangeSportsType" time="12.895" classname="com.komoot.scripts.VerifyChangeSportsType"/>
</testsuite> <!-- com.komoot.scripts.VerifyChangeSportsType -->
