<?xml version="1.0" encoding="UTF-8"?>
<!-- Generated by org.testng.reporters.JUnitReportReporter -->
<testsuite skipped="0" hostname="DESKTOP-B4CGF5L" name="com.komoot.scripts.ChangeNotification" tests="1" failures="0" timestamp="09 Apr 2018 17:38:00 GMT" time="15.015" errors="0">
  <testcase name="changeNotification" time="15.015" classname="com.komoot.scripts.ChangeNotification"/>
</testsuite> <!-- com.komoot.scripts.ChangeNotification -->
