<?xml version="1.0" encoding="UTF-8"?>
<!-- Generated by org.testng.reporters.JUnitReportReporter -->
<testsuite skipped="0" hostname="DESKTOP-B4CGF5L" name="com.komoot.scripts.TapElevation" tests="1" failures="0" timestamp="08 Apr 2018 09:05:50 GMT" time="59.669" errors="0">
  <testcase name="tapElevation" time="59.669" classname="com.komoot.scripts.TapElevation"/>
</testsuite> <!-- com.komoot.scripts.TapElevation -->
