<?xml version="1.0" encoding="UTF-8"?>
<!-- Generated by org.testng.reporters.JUnitReportReporter -->
<testsuite skipped="0" hostname="DESKTOP-B4CGF5L" name="com.komoot.scripts.VerifyChangeSportsType" tests="1" failures="0" timestamp="07 Apr 2018 17:26:21 GMT" time="13.109" errors="0">
  <testcase name="hike" time="13.109" classname="com.komoot.scripts.VerifyChangeSportsType"/>
</testsuite> <!-- com.komoot.scripts.VerifyChangeSportsType -->
