<?xml version="1.0" encoding="UTF-8"?>
<!-- Generated by org.testng.reporters.JUnitReportReporter -->
<testsuite skipped="0" hostname="DESKTOP-B4CGF5L" name="com.komoot.scripts.navigateHomePage" tests="1" failures="0" timestamp="07 Apr 2018 16:39:19 GMT" time="6.423" errors="0">
  <testcase name="homePage" time="6.423" classname="com.komoot.scripts.navigateHomePage"/>
</testsuite> <!-- com.komoot.scripts.navigateHomePage -->
