<?xml version="1.0" encoding="UTF-8"?>
<!-- Generated by org.testng.reporters.JUnitReportReporter -->
<testsuite skipped="0" hostname="DESKTOP-B4CGF5L" name="com.komoot.scripts.VerifyPlan" tests="1" failures="0" timestamp="08 Apr 2018 08:56:36 GMT" time="47.243" errors="0">
  <testcase name="verifyPlan" time="47.243" classname="com.komoot.scripts.VerifyPlan"/>
</testsuite> <!-- com.komoot.scripts.VerifyPlan -->
